<?xml version="1.0" encoding="UTF-8"?>
<!-- Generated by org.testng.reporters.JUnitReportReporter -->
<testsuite hostname="DESKTOP-SABGQSO" name="com.wsdcreat.DemoforMaven" tests="1" failures="0" timestamp="17 Jul 2019 18:58:17 GMT" time="180.630" errors="0">
  <testcase name="BuildNewAnalysis" time="180.630" classname="com.wsdcreat.DemoforMaven"/>
</testsuite> <!-- com.wsdcreat.DemoforMaven -->
